     1 00000000                                 [FORMAT "WCOFF"]
     2 00000000                                 [INSTRSET "i486p"]
     3 00000000                                 [OPTIMIZE 1]
     4 00000000                                 [OPTION 1]
     5 00000000                                 [BITS 32]
     6 00000000                                 	EXTERN	_io_hlt
     7 00000000                                 	EXTERN	_io_load_eflags
     8 00000000                                 	EXTERN	_io_cli
     9 00000000                                 	EXTERN	_io_out8
    10 00000000                                 	EXTERN	_io_store_eflags
    11 00000000                                 [FILE "bootpack.c"]
    12                                          [SECTION .text]
    13 00000000                                 	GLOBAL	_HariMain
    14 00000000                                 _HariMain:
    15 00000000 55                              	PUSH	EBP
    16 00000001 89 E5                           	MOV	EBP,ESP
    17 00000003 E8 00000240                     	CALL	_init_palette
    18 00000008 68 000000AB                     	PUSH	171
    19 0000000D 68 0000013F                     	PUSH	319
    20 00000012 6A 00                           	PUSH	0
    21 00000014 6A 00                           	PUSH	0
    22 00000016 6A 0E                           	PUSH	14
    23 00000018 68 00000140                     	PUSH	320
    24 0000001D 68 000A0000                     	PUSH	655360
    25 00000022 E8 000001D0                     	CALL	_boxfill8
    26 00000027 68 000000AC                     	PUSH	172
    27 0000002C 68 0000013F                     	PUSH	319
    28 00000031 68 000000AC                     	PUSH	172
    29 00000036 6A 00                           	PUSH	0
    30 00000038 6A 08                           	PUSH	8
    31 0000003A 68 00000140                     	PUSH	320
    32 0000003F 68 000A0000                     	PUSH	655360
    33 00000044 E8 000001AE                     	CALL	_boxfill8
    34 00000049 83 C4 38                        	ADD	ESP,56
    35 0000004C 68 000000AD                     	PUSH	173
    36 00000051 68 0000013F                     	PUSH	319
    37 00000056 68 000000AD                     	PUSH	173
    38 0000005B 6A 00                           	PUSH	0
    39 0000005D 6A 07                           	PUSH	7
    40 0000005F 68 00000140                     	PUSH	320
    41 00000064 68 000A0000                     	PUSH	655360
    42 00000069 E8 00000189                     	CALL	_boxfill8
    43 0000006E 68 000000C7                     	PUSH	199
    44 00000073 68 0000013F                     	PUSH	319
    45 00000078 68 000000AE                     	PUSH	174
    46 0000007D 6A 00                           	PUSH	0
    47 0000007F 6A 08                           	PUSH	8
    48 00000081 68 00000140                     	PUSH	320
    49 00000086 68 000A0000                     	PUSH	655360
    50 0000008B E8 00000167                     	CALL	_boxfill8
    51 00000090 83 C4 38                        	ADD	ESP,56
    52 00000093 68 000000B0                     	PUSH	176
    53 00000098 6A 3B                           	PUSH	59
    54 0000009A 68 000000B0                     	PUSH	176
    55 0000009F 6A 03                           	PUSH	3
    56 000000A1 6A 07                           	PUSH	7
    57 000000A3 68 00000140                     	PUSH	320
    58 000000A8 68 000A0000                     	PUSH	655360
    59 000000AD E8 00000145                     	CALL	_boxfill8
    60 000000B2 68 000000C4                     	PUSH	196
    61 000000B7 6A 02                           	PUSH	2
    62 000000B9 68 000000B0                     	PUSH	176
    63 000000BE 6A 02                           	PUSH	2
    64 000000C0 6A 07                           	PUSH	7
    65 000000C2 68 00000140                     	PUSH	320
    66 000000C7 68 000A0000                     	PUSH	655360
    67 000000CC E8 00000126                     	CALL	_boxfill8
    68 000000D1 83 C4 38                        	ADD	ESP,56
    69 000000D4 68 000000C4                     	PUSH	196
    70 000000D9 6A 3B                           	PUSH	59
    71 000000DB 68 000000C4                     	PUSH	196
    72 000000E0 6A 03                           	PUSH	3
    73 000000E2 6A 0F                           	PUSH	15
    74 000000E4 68 00000140                     	PUSH	320
    75 000000E9 68 000A0000                     	PUSH	655360
    76 000000EE E8 00000104                     	CALL	_boxfill8
    77 000000F3 68 000000C3                     	PUSH	195
    78 000000F8 6A 3B                           	PUSH	59
    79 000000FA 68 000000B1                     	PUSH	177
    80 000000FF 6A 3B                           	PUSH	59
    81 00000101 6A 0F                           	PUSH	15
    82 00000103 68 00000140                     	PUSH	320
    83 00000108 68 000A0000                     	PUSH	655360
    84 0000010D E8 000000E5                     	CALL	_boxfill8
    85 00000112 83 C4 38                        	ADD	ESP,56
    86 00000115 68 000000C5                     	PUSH	197
    87 0000011A 6A 3B                           	PUSH	59
    88 0000011C 68 000000C5                     	PUSH	197
    89 00000121 6A 02                           	PUSH	2
    90 00000123 6A 00                           	PUSH	0
    91 00000125 68 00000140                     	PUSH	320
    92 0000012A 68 000A0000                     	PUSH	655360
    93 0000012F E8 000000C3                     	CALL	_boxfill8
    94 00000134 68 000000C5                     	PUSH	197
    95 00000139 6A 3C                           	PUSH	60
    96 0000013B 68 000000B0                     	PUSH	176
    97 00000140 6A 3C                           	PUSH	60
    98 00000142 6A 00                           	PUSH	0
    99 00000144 68 00000140                     	PUSH	320
   100 00000149 68 000A0000                     	PUSH	655360
   101 0000014E E8 000000A4                     	CALL	_boxfill8
   102 00000153 83 C4 38                        	ADD	ESP,56
   103 00000156 68 000000B0                     	PUSH	176
   104 0000015B 68 0000013C                     	PUSH	316
   105 00000160 68 000000B0                     	PUSH	176
   106 00000165 68 00000111                     	PUSH	273
   107 0000016A 6A 0F                           	PUSH	15
   108 0000016C 68 00000140                     	PUSH	320
   109 00000171 68 000A0000                     	PUSH	655360
   110 00000176 E8 0000007C                     	CALL	_boxfill8
   111 0000017B 68 000000C4                     	PUSH	196
   112 00000180 68 00000111                     	PUSH	273
   113 00000185 68 000000B1                     	PUSH	177
   114 0000018A 68 00000111                     	PUSH	273
   115 0000018F 6A 0F                           	PUSH	15
   116 00000191 68 00000140                     	PUSH	320
   117 00000196 68 000A0000                     	PUSH	655360
   118 0000019B E8 00000057                     	CALL	_boxfill8
   119 000001A0 83 C4 38                        	ADD	ESP,56
   120 000001A3 68 000000C5                     	PUSH	197
   121 000001A8 68 0000013C                     	PUSH	316
   122 000001AD 68 000000C5                     	PUSH	197
   123 000001B2 68 00000111                     	PUSH	273
   124 000001B7 6A 07                           	PUSH	7
   125 000001B9 68 00000140                     	PUSH	320
   126 000001BE 68 000A0000                     	PUSH	655360
   127 000001C3 E8 0000002F                     	CALL	_boxfill8
   128 000001C8 68 000000C5                     	PUSH	197
   129 000001CD 68 0000013D                     	PUSH	317
   130 000001D2 68 000000B0                     	PUSH	176
   131 000001D7 68 0000013D                     	PUSH	317
   132 000001DC 6A 07                           	PUSH	7
   133 000001DE 68 00000140                     	PUSH	320
   134 000001E3 68 000A0000                     	PUSH	655360
   135 000001E8 E8 0000000A                     	CALL	_boxfill8
   136 000001ED 83 C4 38                        	ADD	ESP,56
   137 000001F0                                 L2:
   138 000001F0 E8 [00000000]                   	CALL	_io_hlt
   139 000001F5 EB F9                           	JMP	L2
   140 000001F7                                 	GLOBAL	_boxfill8
   141 000001F7                                 _boxfill8:
   142 000001F7 55                              	PUSH	EBP
   143 000001F8 89 E5                           	MOV	EBP,ESP
   144 000001FA 57                              	PUSH	EDI
   145 000001FB 56                              	PUSH	ESI
   146 000001FC 53                              	PUSH	EBX
   147 000001FD 51                              	PUSH	ECX
   148 000001FE 51                              	PUSH	ECX
   149 000001FF 8A 45 10                        	MOV	AL,BYTE [16+EBP]
   150 00000202 8B 4D 18                        	MOV	ECX,DWORD [24+EBP]
   151 00000205 8B 7D 1C                        	MOV	EDI,DWORD [28+EBP]
   152 00000208 88 45 F3                        	MOV	BYTE [-13+EBP],AL
   153 0000020B 3B 4D 20                        	CMP	ECX,DWORD [32+EBP]
   154 0000020E 7F 31                           	JG	L17
   155 00000210 8B 5D 0C                        	MOV	EBX,DWORD [12+EBP]
   156 00000213 0F AF D9                        	IMUL	EBX,ECX
   157 00000216                                 L15:
   158 00000216 8B 55 14                        	MOV	EDX,DWORD [20+EBP]
   159 00000219 39 FA                           	CMP	EDX,EDI
   160 0000021B 7F 1B                           	JG	L19
   161 0000021D 8B 75 08                        	MOV	ESI,DWORD [8+EBP]
   162 00000220 01 DE                           	ADD	ESI,EBX
   163 00000222 01 D6                           	ADD	ESI,EDX
   164 00000224 89 75 EC                        	MOV	DWORD [-20+EBP],ESI
   165 00000227                                 L14:
   166 00000227 8B 75 EC                        	MOV	ESI,DWORD [-20+EBP]
   167 0000022A 8A 45 F3                        	MOV	AL,BYTE [-13+EBP]
   168 0000022D 42                              	INC	EDX
   169 0000022E 88 06                           	MOV	BYTE [ESI],AL
   170 00000230 46                              	INC	ESI
   171 00000231 89 75 EC                        	MOV	DWORD [-20+EBP],ESI
   172 00000234 39 FA                           	CMP	EDX,EDI
   173 00000236 7E EF                           	JLE	L14
   174 00000238                                 L19:
   175 00000238 41                              	INC	ECX
   176 00000239 03 5D 0C                        	ADD	EBX,DWORD [12+EBP]
   177 0000023C 3B 4D 20                        	CMP	ECX,DWORD [32+EBP]
   178 0000023F 7E D5                           	JLE	L15
   179 00000241                                 L17:
   180 00000241 58                              	POP	EAX
   181 00000242 5A                              	POP	EDX
   182 00000243 5B                              	POP	EBX
   183 00000244 5E                              	POP	ESI
   184 00000245 5F                              	POP	EDI
   185 00000246 5D                              	POP	EBP
   186 00000247 C3                              	RET
   187                                          [SECTION .data]
   188 00000000                                 _table_rgb.0:
   189 00000000 00                              	DB	0
   190 00000001 00                              	DB	0
   191 00000002 00                              	DB	0
   192 00000003 FF                              	DB	-1
   193 00000004 00                              	DB	0
   194 00000005 00                              	DB	0
   195 00000006 00                              	DB	0
   196 00000007 FF                              	DB	-1
   197 00000008 00                              	DB	0
   198 00000009 FF                              	DB	-1
   199 0000000A FF                              	DB	-1
   200 0000000B 00                              	DB	0
   201 0000000C 00                              	DB	0
   202 0000000D 00                              	DB	0
   203 0000000E FF                              	DB	-1
   204 0000000F FF                              	DB	-1
   205 00000010 00                              	DB	0
   206 00000011 FF                              	DB	-1
   207 00000012 00                              	DB	0
   208 00000013 FF                              	DB	-1
   209 00000014 FF                              	DB	-1
   210 00000015 FF                              	DB	-1
   211 00000016 FF                              	DB	-1
   212 00000017 FF                              	DB	-1
   213 00000018 C6                              	DB	-58
   214 00000019 C6                              	DB	-58
   215 0000001A C6                              	DB	-58
   216 0000001B 84                              	DB	-124
   217 0000001C 00                              	DB	0
   218 0000001D 00                              	DB	0
   219 0000001E 00                              	DB	0
   220 0000001F 84                              	DB	-124
   221 00000020 00                              	DB	0
   222 00000021 84                              	DB	-124
   223 00000022 84                              	DB	-124
   224 00000023 00                              	DB	0
   225 00000024 00                              	DB	0
   226 00000025 00                              	DB	0
   227 00000026 84                              	DB	-124
   228 00000027 84                              	DB	-124
   229 00000028 00                              	DB	0
   230 00000029 84                              	DB	-124
   231 0000002A 00                              	DB	0
   232 0000002B 84                              	DB	-124
   233 0000002C 84                              	DB	-124
   234 0000002D 84                              	DB	-124
   235 0000002E 84                              	DB	-124
   236 0000002F 84                              	DB	-124
   237                                          [SECTION .text]
   238 00000248                                 	GLOBAL	_init_palette
   239 00000248                                 _init_palette:
   240 00000248 55                              	PUSH	EBP
   241 00000249 89 E5                           	MOV	EBP,ESP
   242 0000024B 68 [00000000]                   	PUSH	_table_rgb.0
   243 00000250 6A 0F                           	PUSH	15
   244 00000252 6A 00                           	PUSH	0
   245 00000254 E8 00000002                     	CALL	_set_palette
   246 00000259 C9                              	LEAVE
   247 0000025A C3                              	RET
   248 0000025B                                 	GLOBAL	_set_palette
   249 0000025B                                 _set_palette:
   250 0000025B 55                              	PUSH	EBP
   251 0000025C 89 E5                           	MOV	EBP,ESP
   252 0000025E 57                              	PUSH	EDI
   253 0000025F 56                              	PUSH	ESI
   254 00000260 53                              	PUSH	EBX
   255 00000261 51                              	PUSH	ECX
   256 00000262 8B 5D 08                        	MOV	EBX,DWORD [8+EBP]
   257 00000265 8B 7D 0C                        	MOV	EDI,DWORD [12+EBP]
   258 00000268 8B 75 10                        	MOV	ESI,DWORD [16+EBP]
   259 0000026B E8 [00000000]                   	CALL	_io_load_eflags
   260 00000270 89 45 F0                        	MOV	DWORD [-16+EBP],EAX
   261 00000273 E8 [00000000]                   	CALL	_io_cli
   262 00000278 53                              	PUSH	EBX
   263 00000279 68 000003C8                     	PUSH	968
   264 0000027E E8 [00000000]                   	CALL	_io_out8
   265 00000283 39 FB                           	CMP	EBX,EDI
   266 00000285 58                              	POP	EAX
   267 00000286 5A                              	POP	EDX
   268 00000287 7E 12                           	JLE	L26
   269 00000289                                 L28:
   270 00000289 8B 45 F0                        	MOV	EAX,DWORD [-16+EBP]
   271 0000028C 89 45 08                        	MOV	DWORD [8+EBP],EAX
   272 0000028F 8D 65 F4                        	LEA	ESP,DWORD [-12+EBP]
   273 00000292 5B                              	POP	EBX
   274 00000293 5E                              	POP	ESI
   275 00000294 5F                              	POP	EDI
   276 00000295 5D                              	POP	EBP
   277 00000296 E9 [00000000]                   	JMP	_io_store_eflags
   278 0000029B                                 L26:
   279 0000029B 8A 06                           	MOV	AL,BYTE [ESI]
   280 0000029D 43                              	INC	EBX
   281 0000029E C0 E8 02                        	SHR	AL,2
   282 000002A1 0F B6 C0                        	MOVZX	EAX,AL
   283 000002A4 50                              	PUSH	EAX
   284 000002A5 68 000003C9                     	PUSH	969
   285 000002AA E8 [00000000]                   	CALL	_io_out8
   286 000002AF 8A 46 01                        	MOV	AL,BYTE [1+ESI]
   287 000002B2 C0 E8 02                        	SHR	AL,2
   288 000002B5 0F B6 C0                        	MOVZX	EAX,AL
   289 000002B8 50                              	PUSH	EAX
   290 000002B9 68 000003C9                     	PUSH	969
   291 000002BE E8 [00000000]                   	CALL	_io_out8
   292 000002C3 8A 46 02                        	MOV	AL,BYTE [2+ESI]
   293 000002C6 C0 E8 02                        	SHR	AL,2
   294 000002C9 83 C6 03                        	ADD	ESI,3
   295 000002CC 0F B6 C0                        	MOVZX	EAX,AL
   296 000002CF 50                              	PUSH	EAX
   297 000002D0 68 000003C9                     	PUSH	969
   298 000002D5 E8 [00000000]                   	CALL	_io_out8
   299 000002DA 83 C4 18                        	ADD	ESP,24
   300 000002DD 39 FB                           	CMP	EBX,EDI
   301 000002DF 7E BA                           	JLE	L26
   302 000002E1 EB A6                           	JMP	L28
